  file_compress.c
C:\Users\Orter\source\repos\comicGen\comicGen\file_compress.c(6,50): warning C4133: “初始化”: 从“char [18]”到“const wchar_t *”的类型不兼容
C:\Users\Orter\source\repos\comicGen\comicGen\file_compress.c(29,30): warning C4133: “函数”: 从“const wchar_t *”到“const char *”的类型不兼容
  file_construct.c
D:\vcpkg\installed\x64-windows\include\iconv.h(1,1): warning C4819: 该文件包含不能在当前代码页(936)中表示的字符。请将该文件保存为 Unicode 格式以防止数据丢失
C:\Users\Orter\source\repos\comicGen\comicGen\file_construct.c(13,1): warning C4267: “初始化”: 从“size_t”转换到“int”，可能丢失数据
C:\Users\Orter\source\repos\comicGen\comicGen\file_construct.c(47,37): warning C4090: “函数”: 不同的“const”限定符
C:\Users\Orter\source\repos\comicGen\comicGen\file_construct.c(52,27): warning C4090: “函数”: 不同的“const”限定符
C:\Users\Orter\source\repos\comicGen\comicGen\file_construct.c(206,17): warning C4047: “函数”:“char *const ”与“char *[10]”的间接级别不同
C:\Users\Orter\source\repos\comicGen\comicGen\file_construct.c(206,13): warning C4024: “sprintf_s”: 形参和实参 1 的类型不同
  main.c
D:\vcpkg\installed\x64-windows\include\iconv.h(1,1): warning C4819: 该文件包含不能在当前代码页(936)中表示的字符。请将该文件保存为 Unicode 格式以防止数据丢失
C:\Users\Orter\source\repos\comicGen\comicGen\main.c(14,23): warning C4267: “=”: 从“size_t”转换到“int”，可能丢失数据
C:\Users\Orter\source\repos\comicGen\comicGen\main.c(24,20): warning C4267: “=”: 从“size_t”转换到“int”，可能丢失数据
  正在生成代码
  6 of 28 functions (21.4%) were compiled, the rest were copied from previous compilation.
    1 functions were new in current compilation
    0 functions had inline decision re-evaluated but remain unchanged
  已完成代码的生成
  comicGen.vcxproj -> C:\Users\Orter\source\repos\comicGen\x64\Release\comicGen.exe
