c:\users\orter\source\repos\comicgen\comicgen\x64\release\vc142.pdb
c:\users\orter\source\repos\comicgen\comicgen\x64\release\main.obj
c:\users\orter\source\repos\comicgen\comicgen\x64\release\file_list.obj
c:\users\orter\source\repos\comicgen\comicgen\x64\release\file_construct.obj
c:\users\orter\source\repos\comicgen\comicgen\x64\release\file_compress.obj
c:\users\orter\source\repos\comicgen\x64\release\libxml2.dll
c:\users\orter\source\repos\comicgen\x64\release\zlib1.dll
c:\users\orter\source\repos\comicgen\x64\release\iconv-2.dll
c:\users\orter\source\repos\comicgen\x64\release\lzma.dll
c:\users\orter\source\repos\comicgen\x64\release\zip.dll
c:\users\orter\source\repos\comicgen\x64\release\bz2.dll
c:\users\orter\source\repos\comicgen\x64\release\comicgen.exe
c:\users\orter\source\repos\comicgen\comicgen\x64\release\comicgen.ipdb
c:\users\orter\source\repos\comicgen\comicgen\x64\release\comicgen.iobj
c:\users\orter\source\repos\comicgen\x64\release\comicgen.pdb
c:\users\orter\source\repos\comicgen\comicgen\x64\release\comicgen.tlog\cl.command.1.tlog
c:\users\orter\source\repos\comicgen\comicgen\x64\release\comicgen.tlog\cl.read.1.tlog
c:\users\orter\source\repos\comicgen\comicgen\x64\release\comicgen.tlog\cl.write.1.tlog
c:\users\orter\source\repos\comicgen\comicgen\x64\release\comicgen.tlog\comicgen.write.1u.tlog
c:\users\orter\source\repos\comicgen\comicgen\x64\release\comicgen.tlog\link.command.1.tlog
c:\users\orter\source\repos\comicgen\comicgen\x64\release\comicgen.tlog\link.read.1.tlog
c:\users\orter\source\repos\comicgen\comicgen\x64\release\comicgen.tlog\link.write.1.tlog
